<?xml version="1.0" encoding="UTF-8"?>
<testsuite name="de.ude.codereviewer.CodeReviewerApplicationTests" tests="2" skipped="0" failures="0" errors="0" timestamp="2026-07-06T18:16:13" hostname="N-21363" time="1.094">
  <properties/>
  <testcase name="shouldReturnHealthCheck()" classname="de.ude.codereviewer.CodeReviewerApplicationTests" time="1.084"/>
  <testcase name="contextLoads()" classname="de.ude.codereviewer.CodeReviewerApplicationTests" time="0.006"/>
  <system-out><![CDATA[20:16:06.071 [Test worker] INFO org.springframework.test.context.support.AnnotationConfigContextLoaderUtils -- Could not detect default configuration classes for test class [de.ude.codereviewer.CodeReviewerApplicationTests]: CodeReviewerApplicationTests does not declare any static, non-private, non-final, nested classes annotated with @Configuration.
20:16:06.260 [Test worker] INFO org.springframework.boot.test.context.SpringBootTestContextBootstrapper -- Found @SpringBootConfiguration de.ude.codereviewer.CodeReviewerApplication for test class de.ude.codereviewer.CodeReviewerApplicationTests

  .   ____          _            __ _ _
 /\\ / ___'_ __ _ _(_)_ __  __ _ \ \ \ \
( ( )\___ | '_ | '_| | '_ \/ _` | \ \ \ \
 \\/  ___)| |_)| | | | | || (_| |  ) ) ) )
  '  |____| .__|_| |_|_| |_\__, | / / / /
 =========|_|==============|___/=/_/_/_/

 :: Spring Boot ::                (v3.3.5)

2026-07-06T20:16:07.087+02:00  INFO 47840 --- [code-reviewer-backend] [    Test worker] d.u.c.CodeReviewerApplicationTests       : Starting CodeReviewerApplicationTests using Java 21.0.8 with PID 47840 (started by k.emami in C:\Users\K.emami\OneDrive - Universitaet Duisburg-Essen\DUE\GitHub\Code-reviewer\backend)
2026-07-06T20:16:07.089+02:00  INFO 47840 --- [code-reviewer-backend] [    Test worker] d.u.c.CodeReviewerApplicationTests       : No active profile set, falling back to 1 default profile: "default"
2026-07-06T20:16:08.568+02:00  INFO 47840 --- [code-reviewer-backend] [    Test worker] .s.d.r.c.RepositoryConfigurationDelegate : Bootstrapping Spring Data JPA repositories in DEFAULT mode.
2026-07-06T20:16:08.639+02:00  INFO 47840 --- [code-reviewer-backend] [    Test worker] .s.d.r.c.RepositoryConfigurationDelegate : Finished Spring Data repository scanning in 46 ms. Found 0 JPA repository interfaces.
2026-07-06T20:16:09.914+02:00  INFO 47840 --- [code-reviewer-backend] [    Test worker] com.zaxxer.hikari.HikariDataSource       : HikariPool-1 - Starting...
2026-07-06T20:16:10.338+02:00  INFO 47840 --- [code-reviewer-backend] [    Test worker] com.zaxxer.hikari.pool.HikariPool        : HikariPool-1 - Added connection org.postgresql.jdbc.PgConnection@51b87df7
2026-07-06T20:16:10.342+02:00  INFO 47840 --- [code-reviewer-backend] [    Test worker] com.zaxxer.hikari.HikariDataSource       : HikariPool-1 - Start completed.
2026-07-06T20:16:10.419+02:00  INFO 47840 --- [code-reviewer-backend] [    Test worker] org.flywaydb.core.FlywayExecutor         : Database: jdbc:postgresql://localhost:5432/codereviewer (PostgreSQL 16.14)
2026-07-06T20:16:10.558+02:00  INFO 47840 --- [code-reviewer-backend] [    Test worker] o.f.core.internal.command.DbValidate     : Successfully validated 1 migration (execution time 00:00.083s)
2026-07-06T20:16:10.612+02:00  INFO 47840 --- [code-reviewer-backend] [    Test worker] o.f.core.internal.command.DbMigrate      : Current version of schema "public": 1
2026-07-06T20:16:10.621+02:00  INFO 47840 --- [code-reviewer-backend] [    Test worker] o.f.core.internal.command.DbMigrate      : Schema "public" is up to date. No migration necessary.
2026-07-06T20:16:10.862+02:00  INFO 47840 --- [code-reviewer-backend] [    Test worker] o.hibernate.jpa.internal.util.LogHelper  : HHH000204: Processing PersistenceUnitInfo [name: default]
2026-07-06T20:16:11.033+02:00  INFO 47840 --- [code-reviewer-backend] [    Test worker] org.hibernate.Version                    : HHH000412: Hibernate ORM core version 6.5.3.Final
2026-07-06T20:16:11.104+02:00  INFO 47840 --- [code-reviewer-backend] [    Test worker] o.h.c.internal.RegionFactoryInitiator    : HHH000026: Second-level cache disabled
2026-07-06T20:16:11.657+02:00  INFO 47840 --- [code-reviewer-backend] [    Test worker] o.s.o.j.p.SpringPersistenceUnitInfo      : No LoadTimeWeaver setup: ignoring JPA class transformer
2026-07-06T20:16:11.724+02:00  WARN 47840 --- [code-reviewer-backend] [    Test worker] org.hibernate.orm.deprecation            : HHH90000025: PostgreSQLDialect does not need to be specified explicitly using 'hibernate.dialect' (remove the property setting and it will be selected by default)
2026-07-06T20:16:12.126+02:00  INFO 47840 --- [code-reviewer-backend] [    Test worker] o.h.e.t.j.p.i.JtaPlatformInitiator       : HHH000489: No JTA platform available (set 'hibernate.transaction.jta.platform' to enable JTA platform integration)
2026-07-06T20:16:12.131+02:00  INFO 47840 --- [code-reviewer-backend] [    Test worker] j.LocalContainerEntityManagerFactoryBean : Initialized JPA EntityManagerFactory for persistence unit 'default'
2026-07-06T20:16:12.329+02:00  WARN 47840 --- [code-reviewer-backend] [    Test worker] JpaBaseConfiguration$JpaWebConfiguration : spring.jpa.open-in-view is enabled by default. Therefore, database queries may be performed during view rendering. Explicitly configure spring.jpa.open-in-view to disable this warning
2026-07-06T20:16:13.306+02:00  INFO 47840 --- [code-reviewer-backend] [    Test worker] o.s.b.t.m.w.SpringBootMockServletContext : Initializing Spring TestDispatcherServlet ''
2026-07-06T20:16:13.306+02:00  INFO 47840 --- [code-reviewer-backend] [    Test worker] o.s.t.web.servlet.TestDispatcherServlet  : Initializing Servlet ''
2026-07-06T20:16:13.308+02:00  INFO 47840 --- [code-reviewer-backend] [    Test worker] o.s.t.web.servlet.TestDispatcherServlet  : Completed initialization in 2 ms
2026-07-06T20:16:13.352+02:00  INFO 47840 --- [code-reviewer-backend] [    Test worker] d.u.c.CodeReviewerApplicationTests       : Started CodeReviewerApplicationTests in 6.854 seconds (process running for 8.841)
]]></system-out>
  <system-err><![CDATA[WARNING: A Java agent has been loaded dynamically (C:\Users\K.emami\.gradle\caches\modules-2\files-2.1\net.bytebuddy\byte-buddy-agent\1.14.19\154da3a65b4f4a909d3e5bdec55d1b2b4cbb6ce1\byte-buddy-agent-1.14.19.jar)
WARNING: If a serviceability tool is in use, please run with -XX:+EnableDynamicAgentLoading to hide this warning
WARNING: If a serviceability tool is not in use, please run with -Djdk.instrument.traceUsage for more information
WARNING: Dynamic loading of agents will be disallowed by default in a future release
]]></system-err>
</testsuite>
